<?xml version="1.0" encoding="UTF-8"?>
<!-- Generated by org.testng.reporters.JUnitXMLReporter -->
<testsuite hostname="Elcot-PC" ignored="0" name="Add Customer Test" tests="5" failures="0" timestamp="24 May 2020 06:06:01 GMT" time="7.047" errors="0">
  <testcase name="addCustomerTest" time="1.413" classname="com.w2a.testcases.AddCustomerTest"/>
  <testcase name="addCustomerTest" time="1.469" classname="com.w2a.testcases.AddCustomerTest"/>
  <testcase name="addCustomerTest" time="1.79" classname="com.w2a.testcases.AddCustomerTest"/>
  <testcase name="addCustomerTest" time="1.063" classname="com.w2a.testcases.AddCustomerTest"/>
  <testcase name="addCustomerTest" time="1.198" classname="com.w2a.testcases.AddCustomerTest"/>
</testsuite> <!-- Add Customer Test -->
