<?xml version="1.0" encoding="UTF-8"?>
<!-- Generated by org.testng.reporters.JUnitXMLReporter -->
<testsuite hostname="Elcot-PC" ignored="0" name="Open Customer Test" tests="5" failures="0" timestamp="12 Jun 2020 07:11:46 GMT" time="0.047" errors="0">
  <testcase name="openCustomerTest" time="0.004" classname="com.w2a.testcases.OpenCustomerTest">
    <skipped/>
  </testcase> <!-- openCustomerTest -->
  <testcase name="openCustomerTest" time="0.004" classname="com.w2a.testcases.OpenCustomerTest">
    <skipped/>
  </testcase> <!-- openCustomerTest -->
  <testcase name="openCustomerTest" time="0.014" classname="com.w2a.testcases.OpenCustomerTest">
    <skipped/>
  </testcase> <!-- openCustomerTest -->
  <testcase name="openCustomerTest" time="0.004" classname="com.w2a.testcases.OpenCustomerTest">
    <skipped/>
  </testcase> <!-- openCustomerTest -->
  <testcase name="openCustomerTest" time="0.004" classname="com.w2a.testcases.OpenCustomerTest">
    <skipped/>
  </testcase> <!-- openCustomerTest -->
</testsuite> <!-- Open Customer Test -->
